<?xml version="1.0" encoding="UTF-8"?>
<!-- Generated by org.testng.reporters.JUnitReportReporter -->
<testsuite hostname="DESKTOP-EUEHJHR" failures="0" tests="1" name="Selenium.ErrorValidationsTest" time="19.986" errors="0" timestamp="2024-03-31T03:05:08 IST" skipped="0">
  <testcase classname="Selenium.ErrorValidationsTest" name="LoginErrorValidation" time="19.986"/>
</testsuite> <!-- Selenium.ErrorValidationsTest -->
