<?xml version="1.0" encoding="UTF-8"?>
<!-- Generated by org.testng.reporters.JUnitReportReporter -->
<testsuite hostname="DESKTOP-EUEHJHR" failures="0" tests="1" name="Selenium.ErrorValidations" time="9.488" errors="0" timestamp="2024-03-29T15:45:30 IST" skipped="0">
  <testcase classname="Selenium.ErrorValidations" name="submitOrder" time="9.488"/>
</testsuite> <!-- Selenium.ErrorValidations -->
