<?xml version="1.0" encoding="UTF-8"?>
<!-- Generated by org.testng.reporters.JUnitReportReporter -->
<testsuite hostname="DESKTOP-EUEHJHR" failures="0" tests="2" name="Selenium.ErrorValidationsTest" time="42.039" errors="0" timestamp="2024-03-31T03:59:16 IST" skipped="0">
  <testcase classname="Selenium.ErrorValidationsTest" name="LoginErrorValidation" time="11.604"/>
  <testcase classname="Selenium.ErrorValidationsTest" name="ProductOrderValidation" time="30.435"/>
</testsuite> <!-- Selenium.ErrorValidationsTest -->
