<?xml version="1.0" encoding="UTF-8"?>
<!-- Generated by org.testng.reporters.JUnitReportReporter -->
<testsuite hostname="DESKTOP-EUEHJHR" failures="0" tests="2" name="Selenium.SubmitOrderTest" time="32.035" errors="0" timestamp="2024-03-31T03:59:16 IST" skipped="0">
  <testcase classname="Selenium.SubmitOrderTest" name="submitOrder" time="19.553"/>
  <testcase classname="Selenium.SubmitOrderTest" name="orderHistoryTest" time="12.482"/>
</testsuite> <!-- Selenium.SubmitOrderTest -->
